<?xml version="1.0" encoding="UTF-8"?>
<!-- Generated by org.testng.reporters.JUnitReportReporter -->
<testsuite hostname="LTIN719052" failures="0" tests="1" name="Tests.LanguageCourseTest" time="48.589" errors="0" timestamp="2026-05-05T11:50:19 IST" skipped="0">
  <testcase classname="Tests.LanguageCourseTest" name="verifyLanguageAndLevels" time="48.589"/>
  <system-out>
    <![CDATA[Driver is instantiated
Driver closed browser
Driver is instantiated
Driver closed browser
Driver is instantiated
Driver closed browser]]>
  </system-out>
</testsuite> <!-- Tests.LanguageCourseTest -->
